<?xml version="1.0" encoding="UTF-8"?>
<testng-results ignored="0" total="2" passed="2" failed="0" skipped="0">
  <reporter-output>
  </reporter-output>
  <suite started-at="2025-01-06T16:36:57 IST" name="Default suite" finished-at="2025-01-06T16:38:54 IST" duration-ms="117524">
    <groups>
    </groups>
    <test started-at="2025-01-06T16:36:57 IST" name="Default test" finished-at="2025-01-06T16:38:54 IST" duration-ms="117524">
      <class name="com.APFD.tests.APFDTest">
        <test-method is-config="true" signature="setUp()[pri:0, instance:com.APFD.tests.APFDTest@235834f2]" started-at="2025-01-06T16:36:57 IST" name="setUp" finished-at="2025-01-06T16:37:16 IST" duration-ms="18726" status="PASS">
          <reporter-output>
          </reporter-output>
        </test-method> <!-- setUp -->
        <test-method signature="addFirePoint()[pri:0, instance:com.APFD.tests.APFDTest@235834f2]" started-at="2025-01-06T16:37:16 IST" name="addFirePoint" description="This test will adds a new fire point by GIS admin" finished-at="2025-01-06T16:37:52 IST" duration-ms="36155" status="PASS">
          <reporter-output>
          </reporter-output>
        </test-method> <!-- addFirePoint -->
        <test-method is-config="true" signature="tearDown()[pri:0, instance:com.APFD.tests.APFDTest@235834f2]" started-at="2025-01-06T16:37:52 IST" name="tearDown" finished-at="2025-01-06T16:37:53 IST" duration-ms="736" status="PASS">
          <reporter-output>
          </reporter-output>
        </test-method> <!-- tearDown -->
        <test-method is-config="true" signature="setUp()[pri:0, instance:com.APFD.tests.APFDTest@235834f2]" started-at="2025-01-06T16:37:53 IST" name="setUp" finished-at="2025-01-06T16:38:09 IST" duration-ms="16684" status="PASS">
          <reporter-output>
          </reporter-output>
        </test-method> <!-- setUp -->
        <test-method signature="groundTruthing()[pri:0, instance:com.APFD.tests.APFDTest@235834f2]" started-at="2025-01-06T16:38:09 IST" name="groundTruthing" description="This test will inform us ground Truthing done By and Uploading the Gazette Data." finished-at="2025-01-06T16:38:52 IST" duration-ms="42272" status="PASS">
          <reporter-output>
          </reporter-output>
        </test-method> <!-- groundTruthing -->
        <test-method is-config="true" signature="tearDown()[pri:0, instance:com.APFD.tests.APFDTest@235834f2]" started-at="2025-01-06T16:38:52 IST" name="tearDown" finished-at="2025-01-06T16:38:54 IST" duration-ms="2616" status="PASS">
          <reporter-output>
          </reporter-output>
        </test-method> <!-- tearDown -->
      </class> <!-- com.APFD.tests.APFDTest -->
    </test> <!-- Default test -->
  </suite> <!-- Default suite -->
</testng-results>
